npm error code ERESOLVE
npm error ERESOLVE unable to resolve dependency tree
npm error
npm error While resolving: sevasetu-backend@1.0.0
npm error Found: cloudinary@2.9.0
npm error node_modules/cloudinary
npm error   cloudinary@"^2.3.1" from the root project
npm error
npm error Could not resolve dependency:
npm error peer cloudinary@"^1.21.0" from multer-storage-cloudinary@4.0.0
npm error node_modules/multer-storage-cloudinary
npm error   multer-storage-cloudinary@"^4.0.0" from the root project
npm error
npm error Fix the upstream dependency conflict, or retry
npm error this command with --force or --legacy-peer-deps
npm error to accept an incorrect (and potentially broken) dependency resolution.
npm error
npm error
npm error For a full report see:
npm error /Users/sanjay1/.npm/_logs/2026-03-17T08_24_46_281Z-eresolve-report.txt
npm error A complete log of this run can be found in: /Users/sanjay1/.npm/_logs/2026-03-17T08_24_46_281Z-debug-0.log
